  main.cpp
c:\499drive\critic2\src\client\matrix_math.cpp(82): warning C4244: 'initializing': conversion from 'double' to 'float', possible loss of data
c:\499drive\critic2\src\client\matrix_math.cpp(82): warning C4244: 'initializing': conversion from 'double' to 'const float', possible loss of data
c:\499drive\critic2\src\client\matrix_math.cpp(83): warning C4244: 'initializing': conversion from 'double' to 'float', possible loss of data
c:\499drive\critic2\src\client\matrix_math.cpp(83): warning C4244: 'initializing': conversion from 'double' to 'const float', possible loss of data
c:\499drive\critic2\src\client\matrix_math.cpp(84): warning C4244: 'initializing': conversion from 'double' to 'float', possible loss of data
c:\499drive\critic2\src\client\matrix_math.cpp(84): warning C4244: 'initializing': conversion from 'double' to 'const float', possible loss of data
c:\499drive\critic2\src\client\matrix_math.cpp(132): warning C4244: 'argument': conversion from 'double' to 'float', possible loss of data
c:\499drive\critic2\src\client\matrix_math.cpp(238): warning C4189: 'len': local variable is initialized but not referenced
c:\499drive\critic2\src\client\matrix_math.cpp(239): warning C4101: 'read': unreferenced local variable
c:\499drive\critic2\src\client\main.cpp(240): warning C4244: 'argument': conversion from 'int' to 'float', possible loss of data
  imgui_impl_glfw_gl3.cpp
  imgui_draw.cpp
  imgui_demo.cpp
  imgui.cpp
  Generating Code...
glfw3.lib(init.obj) : warning LNK4217: locally defined symbol _vsnprintf imported in function __glfwInputError
MSVCRTD.lib(vsnprintf.obj) : warning LNK4049: locally defined symbol _vsnprintf imported
glfw3.lib(context.obj) : warning LNK4217: locally defined symbol _sscanf imported in function _parseVersionString
MSVCRTD.lib(vsnprintf.obj) : warning LNK4049: locally defined symbol __vsnprintf imported
  WindowsCompiler.vcxproj -> C:\499Drive\critic2\src\client\WindowsCompiler\Debug\WindowsCompiler.exe
  WindowsCompiler.vcxproj -> C:\499Drive\critic2\src\client\WindowsCompiler\Debug\WindowsCompiler.pdb (Full PDB)
