c:\users\roboritch\desktop\critic2\src\client\wincompiler\wincompiler\debug\vc140.pdb
c:\users\roboritch\desktop\critic2\src\client\wincompiler\wincompiler\debug\vc140.idb
c:\users\roboritch\desktop\critic2\src\client\wincompiler\wincompiler\debug\imgui.obj
c:\users\roboritch\desktop\critic2\src\client\wincompiler\wincompiler\debug\imgui_demo.obj
c:\users\roboritch\desktop\critic2\src\client\wincompiler\wincompiler\debug\imgui_draw.obj
c:\users\roboritch\desktop\critic2\src\client\wincompiler\wincompiler\debug\imgui_impl_glfw_gl3.obj
c:\users\roboritch\desktop\critic2\src\client\wincompiler\wincompiler\debug\main.obj
c:\499drive\critic2\src\client\wincompiler\wincompiler\debug\vc140.pdb
c:\499drive\critic2\src\client\wincompiler\wincompiler\debug\vc140.idb
c:\499drive\critic2\src\client\wincompiler\wincompiler\debug\imgui.obj
c:\499drive\critic2\src\client\wincompiler\wincompiler\debug\imgui_demo.obj
c:\499drive\critic2\src\client\wincompiler\wincompiler\debug\imgui_draw.obj
c:\499drive\critic2\src\client\wincompiler\wincompiler\debug\imgui_impl_glfw_gl3.obj
c:\499drive\critic2\src\client\wincompiler\wincompiler\debug\main.obj
c:\users\roboritch\desktop\critic2\src\client\wincompiler\debug\wincompiler.ilk
c:\users\roboritch\desktop\critic2\src\client\wincompiler\debug\wincompiler.exe
c:\users\roboritch\desktop\critic2\src\client\wincompiler\debug\wincompiler.pdb
c:\499drive\critic2\src\client\wincompiler\debug\wincompiler.pdb
c:\499drive\critic2\src\client\wincompiler\wincompiler\debug\wincompiler.tlog\cl.command.1.tlog
c:\499drive\critic2\src\client\wincompiler\wincompiler\debug\wincompiler.tlog\cl.read.1.tlog
c:\499drive\critic2\src\client\wincompiler\wincompiler\debug\wincompiler.tlog\cl.write.1.tlog
c:\499drive\critic2\src\client\wincompiler\wincompiler\debug\wincompiler.tlog\link-cvtres.read.1.tlog
c:\499drive\critic2\src\client\wincompiler\wincompiler\debug\wincompiler.tlog\link-cvtres.write.1.tlog
c:\499drive\critic2\src\client\wincompiler\wincompiler\debug\wincompiler.tlog\link-rc.read.1.tlog
c:\499drive\critic2\src\client\wincompiler\wincompiler\debug\wincompiler.tlog\link-rc.write.1.tlog
c:\499drive\critic2\src\client\wincompiler\wincompiler\debug\wincompiler.tlog\link.10244.delete.1.tlog
c:\499drive\critic2\src\client\wincompiler\wincompiler\debug\wincompiler.tlog\link.10384.delete.1.tlog
c:\499drive\critic2\src\client\wincompiler\wincompiler\debug\wincompiler.tlog\link.10624.delete.1.tlog
c:\499drive\critic2\src\client\wincompiler\wincompiler\debug\wincompiler.tlog\link.10932.delete.1.tlog
c:\499drive\critic2\src\client\wincompiler\wincompiler\debug\wincompiler.tlog\link.1096.delete.1.tlog
c:\499drive\critic2\src\client\wincompiler\wincompiler\debug\wincompiler.tlog\link.12060.delete.1.tlog
c:\499drive\critic2\src\client\wincompiler\wincompiler\debug\wincompiler.tlog\link.12148.delete.1.tlog
c:\499drive\critic2\src\client\wincompiler\wincompiler\debug\wincompiler.tlog\link.12232.delete.1.tlog
c:\499drive\critic2\src\client\wincompiler\wincompiler\debug\wincompiler.tlog\link.12324.delete.1.tlog
c:\499drive\critic2\src\client\wincompiler\wincompiler\debug\wincompiler.tlog\link.12356.delete.1.tlog
c:\499drive\critic2\src\client\wincompiler\wincompiler\debug\wincompiler.tlog\link.12404.delete.1.tlog
c:\499drive\critic2\src\client\wincompiler\wincompiler\debug\wincompiler.tlog\link.12520.delete.1.tlog
c:\499drive\critic2\src\client\wincompiler\wincompiler\debug\wincompiler.tlog\link.12548.delete.1.tlog
c:\499drive\critic2\src\client\wincompiler\wincompiler\debug\wincompiler.tlog\link.12596.delete.1.tlog
c:\499drive\critic2\src\client\wincompiler\wincompiler\debug\wincompiler.tlog\link.12604.delete.1.tlog
c:\499drive\critic2\src\client\wincompiler\wincompiler\debug\wincompiler.tlog\link.12612.delete.1.tlog
c:\499drive\critic2\src\client\wincompiler\wincompiler\debug\wincompiler.tlog\link.12684.delete.1.tlog
c:\499drive\critic2\src\client\wincompiler\wincompiler\debug\wincompiler.tlog\link.12784.delete.1.tlog
c:\499drive\critic2\src\client\wincompiler\wincompiler\debug\wincompiler.tlog\link.12800.delete.1.tlog
c:\499drive\critic2\src\client\wincompiler\wincompiler\debug\wincompiler.tlog\link.12888.delete.1.tlog
c:\499drive\critic2\src\client\wincompiler\wincompiler\debug\wincompiler.tlog\link.12904.delete.1.tlog
c:\499drive\critic2\src\client\wincompiler\wincompiler\debug\wincompiler.tlog\link.12940.delete.1.tlog
c:\499drive\critic2\src\client\wincompiler\wincompiler\debug\wincompiler.tlog\link.12988.delete.1.tlog
c:\499drive\critic2\src\client\wincompiler\wincompiler\debug\wincompiler.tlog\link.13120.delete.1.tlog
c:\499drive\critic2\src\client\wincompiler\wincompiler\debug\wincompiler.tlog\link.13180.delete.1.tlog
c:\499drive\critic2\src\client\wincompiler\wincompiler\debug\wincompiler.tlog\link.13276.delete.1.tlog
c:\499drive\critic2\src\client\wincompiler\wincompiler\debug\wincompiler.tlog\link.13308.delete.1.tlog
c:\499drive\critic2\src\client\wincompiler\wincompiler\debug\wincompiler.tlog\link.13360.delete.1.tlog
c:\499drive\critic2\src\client\wincompiler\wincompiler\debug\wincompiler.tlog\link.13692.delete.1.tlog
c:\499drive\critic2\src\client\wincompiler\wincompiler\debug\wincompiler.tlog\link.13748.delete.1.tlog
c:\499drive\critic2\src\client\wincompiler\wincompiler\debug\wincompiler.tlog\link.13756.delete.1.tlog
c:\499drive\critic2\src\client\wincompiler\wincompiler\debug\wincompiler.tlog\link.13784.delete.1.tlog
c:\499drive\critic2\src\client\wincompiler\wincompiler\debug\wincompiler.tlog\link.13968.delete.1.tlog
c:\499drive\critic2\src\client\wincompiler\wincompiler\debug\wincompiler.tlog\link.14192.delete.1.tlog
c:\499drive\critic2\src\client\wincompiler\wincompiler\debug\wincompiler.tlog\link.14244.delete.1.tlog
c:\499drive\critic2\src\client\wincompiler\wincompiler\debug\wincompiler.tlog\link.14284.delete.1.tlog
c:\499drive\critic2\src\client\wincompiler\wincompiler\debug\wincompiler.tlog\link.14724.delete.1.tlog
c:\499drive\critic2\src\client\wincompiler\wincompiler\debug\wincompiler.tlog\link.14736.delete.1.tlog
c:\499drive\critic2\src\client\wincompiler\wincompiler\debug\wincompiler.tlog\link.14816.delete.1.tlog
c:\499drive\critic2\src\client\wincompiler\wincompiler\debug\wincompiler.tlog\link.14888.delete.1.tlog
c:\499drive\critic2\src\client\wincompiler\wincompiler\debug\wincompiler.tlog\link.14952.delete.1.tlog
c:\499drive\critic2\src\client\wincompiler\wincompiler\debug\wincompiler.tlog\link.15204.delete.1.tlog
c:\499drive\critic2\src\client\wincompiler\wincompiler\debug\wincompiler.tlog\link.3244.delete.1.tlog
c:\499drive\critic2\src\client\wincompiler\wincompiler\debug\wincompiler.tlog\link.3356.delete.1.tlog
c:\499drive\critic2\src\client\wincompiler\wincompiler\debug\wincompiler.tlog\link.3736.delete.1.tlog
c:\499drive\critic2\src\client\wincompiler\wincompiler\debug\wincompiler.tlog\link.4108.delete.1.tlog
c:\499drive\critic2\src\client\wincompiler\wincompiler\debug\wincompiler.tlog\link.4800.delete.1.tlog
c:\499drive\critic2\src\client\wincompiler\wincompiler\debug\wincompiler.tlog\link.4852.delete.1.tlog
c:\499drive\critic2\src\client\wincompiler\wincompiler\debug\wincompiler.tlog\link.5180.delete.1.tlog
c:\499drive\critic2\src\client\wincompiler\wincompiler\debug\wincompiler.tlog\link.5200.delete.1.tlog
c:\499drive\critic2\src\client\wincompiler\wincompiler\debug\wincompiler.tlog\link.5852.delete.1.tlog
c:\499drive\critic2\src\client\wincompiler\wincompiler\debug\wincompiler.tlog\link.5880.delete.1.tlog
c:\499drive\critic2\src\client\wincompiler\wincompiler\debug\wincompiler.tlog\link.6248.delete.1.tlog
c:\499drive\critic2\src\client\wincompiler\wincompiler\debug\wincompiler.tlog\link.6324.delete.1.tlog
c:\499drive\critic2\src\client\wincompiler\wincompiler\debug\wincompiler.tlog\link.6816.delete.1.tlog
c:\499drive\critic2\src\client\wincompiler\wincompiler\debug\wincompiler.tlog\link.6832.delete.1.tlog
c:\499drive\critic2\src\client\wincompiler\wincompiler\debug\wincompiler.tlog\link.7784.delete.1.tlog
c:\499drive\critic2\src\client\wincompiler\wincompiler\debug\wincompiler.tlog\link.7860.delete.1.tlog
c:\499drive\critic2\src\client\wincompiler\wincompiler\debug\wincompiler.tlog\link.7872.delete.1.tlog
c:\499drive\critic2\src\client\wincompiler\wincompiler\debug\wincompiler.tlog\link.8552.delete.1.tlog
c:\499drive\critic2\src\client\wincompiler\wincompiler\debug\wincompiler.tlog\link.8656.delete.1.tlog
c:\499drive\critic2\src\client\wincompiler\wincompiler\debug\wincompiler.tlog\link.8924.delete.1.tlog
c:\499drive\critic2\src\client\wincompiler\wincompiler\debug\wincompiler.tlog\link.908.delete.1.tlog
c:\499drive\critic2\src\client\wincompiler\wincompiler\debug\wincompiler.tlog\link.9672.delete.1.tlog
c:\499drive\critic2\src\client\wincompiler\wincompiler\debug\wincompiler.tlog\link.command.1.tlog
c:\499drive\critic2\src\client\wincompiler\wincompiler\debug\wincompiler.tlog\link.delete.1.tlog
c:\499drive\critic2\src\client\wincompiler\wincompiler\debug\wincompiler.tlog\link.read.1.tlog
c:\499drive\critic2\src\client\wincompiler\wincompiler\debug\wincompiler.tlog\link.write.1.tlog
